<?xml version="1.0" encoding="UTF-8"?>
<!-- Generated by org.testng.reporters.JUnitReportReporter -->
<testsuite hostname="BHANU-LAPTOP" failures="0" tests="1" name="script.ValidLogin" time="19.433" errors="0" timestamp="2023-09-13T20:54:14 IST" skipped="0">
  <testcase classname="script.ValidLogin" name="testValidLogin" time="19.433">
    <system-out>
      <![CDATA[Home Page is displayed]]>
    </system-out>
  </testcase> <!-- testValidLogin -->
  <system-out>
    <![CDATA[Home Page is displayed]]>
  </system-out>
</testsuite> <!-- script.ValidLogin -->
