<?xml version="1.0" encoding="UTF-8"?>
<!-- Generated by org.testng.reporters.JUnitReportReporter -->
<testsuite hostname="BHANU-LAPTOP" failures="0" tests="1" name="script.ValidLoginLogout" time="20.751" errors="0" timestamp="2023-09-14T20:03:56 IST" skipped="0">
  <testcase classname="script.ValidLoginLogout" name="testValidLogin" time="20.751">
    <system-out>
      <![CDATA[Login Page is displayed]]>
    </system-out>
  </testcase> <!-- testValidLogin -->
  <system-out>
    <![CDATA[Login Page is displayed]]>
  </system-out>
</testsuite> <!-- script.ValidLoginLogout -->
